<?xml version="1.0" encoding="UTF-8"?>
<!-- Generated by org.testng.reporters.JUnitXMLReporter -->
<testsuite ignored="0" hostname="LAPTOP-K4S1BMDT" failures="0" tests="2" name="FirefoxTest" time="0.022" errors="0" timestamp="2025-04-26T11:56:12 IST">
  <testcase classname="dockersample.docker1" name="url" time="0.0">
    <skipped/>
  </testcase> <!-- url -->
  <testcase classname="dockersample.docker1" name="alert" time="0.001">
    <skipped/>
  </testcase> <!-- alert -->
</testsuite> <!-- FirefoxTest -->
