<?xml version="1.0" encoding="UTF-8"?>
<!-- Generated by org.testng.reporters.JUnitXMLReporter -->
<testsuite ignored="0" hostname="LAPTOP-K4S1BMDT" failures="1" tests="4" name="Test" time="21.314" errors="0" timestamp="2025-04-29T12:40:33 IST">
  <testcase classname="project.listner2" name="url" time="10.718"/>
  <testcase classname="project.listner2" name="title" time="0.04">
    <failure type="java.lang.AssertionError" message="null">
      <![CDATA[java.lang.AssertionError: null
at project.listner2.title(listner2.java:33)
at java.base/java.util.ArrayList.forEach(ArrayList.java:1597)
... Removed 27 stack frames]]>
    </failure>
  </testcase> <!-- title -->
  <testcase classname="project.listner2" name="login" time="4.118"/>
  <testcase classname="project.listner2" name="logout" time="5.756"/>
</testsuite> <!-- Test -->
