<?xml version="1.0" encoding="UTF-8"?>
<!-- Generated by org.testng.reporters.JUnitXMLReporter -->
<testsuite ignored="0" hostname="LAPTOP-K4S1BMDT" failures="1" tests="4" name="Test" time="22.565" errors="0" timestamp="2025-04-19T13:49:22 IST">
  <testcase classname="testng.listener" name="url" time="10.171"/>
  <testcase classname="testng.listener" name="title" time="0.027">
    <failure type="java.lang.AssertionError" message="null">
      <![CDATA[java.lang.AssertionError: null
at testng.listener.title(listener.java:32)
at java.base/java.util.ArrayList.forEach(ArrayList.java:1597)
... Removed 27 stack frames]]>
    </failure>
  </testcase> <!-- title -->
  <testcase classname="testng.listener" name="login" time="7.142"/>
  <testcase classname="testng.listener" name="logout" time="4.49"/>
</testsuite> <!-- Test -->
