<?xml version="1.0" encoding="UTF-8"?>
<testng-results ignored="0" total="4" passed="3" failed="1" skipped="0">
  <reporter-output>
  </reporter-output>
  <suite started-at="2025-04-29T12:40:11 IST" name="Suite" finished-at="2025-04-29T12:40:32 IST" duration-ms="21314">
    <groups>
    </groups>
    <test started-at="2025-04-29T12:40:11 IST" name="Test" finished-at="2025-04-29T12:40:32 IST" duration-ms="21314">
      <class name="project.listner2">
        <test-method is-config="true" signature="max()[pri:0, instance:project.listner2@6c25e6c4]" started-at="2025-04-29T12:40:11 IST" name="max" finished-at="2025-04-29T12:40:11 IST" duration-ms="57" status="PASS">
          <reporter-output>
          </reporter-output>
        </test-method> <!-- max -->
        <test-method signature="url()[pri:1, instance:project.listner2@6c25e6c4]" started-at="2025-04-29T12:40:11 IST" name="url" finished-at="2025-04-29T12:40:22 IST" duration-ms="10718" status="PASS">
          <reporter-output>
          </reporter-output>
        </test-method> <!-- url -->
        <test-method signature="title()[pri:2, instance:project.listner2@6c25e6c4]" started-at="2025-04-29T12:40:22 IST" name="title" finished-at="2025-04-29T12:40:22 IST" duration-ms="40" status="FAIL">
          <exception class="java.lang.AssertionError">
            <message>
              <![CDATA[null]]>
            </message>
            <full-stacktrace>
              <![CDATA[java.lang.AssertionError: null
at org.testng.Assert.fail(Assert.java:111)
at org.testng.Assert.fail(Assert.java:116)
at project.listner2.title(listner2.java:33)
at java.base/jdk.internal.reflect.DirectMethodHandleAccessor.invoke(DirectMethodHandleAccessor.java:103)
at java.base/java.lang.reflect.Method.invoke(Method.java:580)
at org.testng.internal.invokers.MethodInvocationHelper.invokeMethod(MethodInvocationHelper.java:141)
at org.testng.internal.invokers.TestInvoker.invokeMethod(TestInvoker.java:687)
at org.testng.internal.invokers.TestInvoker.invokeTestMethod(TestInvoker.java:230)
at org.testng.internal.invokers.MethodRunner.runInSequence(MethodRunner.java:63)
at org.testng.internal.invokers.TestInvoker$MethodInvocationAgent.invoke(TestInvoker.java:995)
at org.testng.internal.invokers.TestInvoker.invokeTestMethods(TestInvoker.java:203)
at org.testng.internal.invokers.TestMethodWorker.invokeTestMethods(TestMethodWorker.java:154)
at org.testng.internal.invokers.TestMethodWorker.run(TestMethodWorker.java:134)
at java.base/java.util.ArrayList.forEach(ArrayList.java:1597)
at org.testng.TestRunner.privateRun(TestRunner.java:741)
at org.testng.TestRunner.run(TestRunner.java:616)
at org.testng.SuiteRunner.runTest(SuiteRunner.java:421)
at org.testng.SuiteRunner.runSequentially(SuiteRunner.java:413)
at org.testng.SuiteRunner.privateRun(SuiteRunner.java:373)
at org.testng.SuiteRunner.run(SuiteRunner.java:312)
at org.testng.SuiteRunnerWorker.runSuite(SuiteRunnerWorker.java:52)
at org.testng.SuiteRunnerWorker.run(SuiteRunnerWorker.java:95)
at org.testng.TestNG.runSuitesSequentially(TestNG.java:1274)
at org.testng.TestNG.runSuitesLocally(TestNG.java:1208)
at org.testng.TestNG.runSuites(TestNG.java:1112)
at org.testng.TestNG.run(TestNG.java:1079)
at org.testng.remote.AbstractRemoteTestNG.run(AbstractRemoteTestNG.java:115)
at org.testng.remote.RemoteTestNG.initAndRun(RemoteTestNG.java:293)
at org.testng.remote.RemoteTestNG.main(RemoteTestNG.java:91)
]]>
            </full-stacktrace>
          </exception> <!-- java.lang.AssertionError -->
          <reporter-output>
          </reporter-output>
        </test-method> <!-- title -->
        <test-method signature="login()[pri:3, instance:project.listner2@6c25e6c4]" started-at="2025-04-29T12:40:22 IST" name="login" finished-at="2025-04-29T12:40:26 IST" duration-ms="4118" status="PASS">
          <reporter-output>
          </reporter-output>
        </test-method> <!-- login -->
        <test-method signature="logout()[pri:4, instance:project.listner2@6c25e6c4]" started-at="2025-04-29T12:40:26 IST" name="logout" finished-at="2025-04-29T12:40:32 IST" duration-ms="5756" status="PASS">
          <reporter-output>
          </reporter-output>
        </test-method> <!-- logout -->
        <test-method is-config="true" signature="Quite()[pri:0, instance:project.listner2@6c25e6c4]" started-at="2025-04-29T12:40:32 IST" name="Quite" finished-at="2025-04-29T12:40:32 IST" duration-ms="244" status="PASS">
          <reporter-output>
          </reporter-output>
        </test-method> <!-- Quite -->
      </class> <!-- project.listner2 -->
    </test> <!-- Test -->
  </suite> <!-- Suite -->
</testng-results>
